<?xml version="1.0" ?>
<!DOCTYPE coverage SYSTEM "http://cobertura.sourceforge.net/xml/coverage-04.dtd">
<coverage line-rate="0.75" branch-rate="0.5" lines-covered="6" lines-valid="8" version="1.9" timestamp="0">
  <packages>
    <package name="pkg" line-rate="0.75">
      <classes>
        <class name="a" filename="src/a.py" line-rate="0.75">
          <lines>
            <line number="1" hits="1"/>
            <line number="2" hits="0"/>
          </lines>
        </class>
      </classes>
    </package>
  </packages>
</coverage>
